# JRE version: OpenJDK Runtime Environment (8.0_242-b01) (build 1.8.0_242-release-1644-b01)
# Java VM: OpenJDK 64-Bit Server VM (25.242-b01 mixed mode windows-amd64 compressed oops)
Heap:
 PSYoungGen      total 187392K, used 53171K [0x00000000d5580000, 0x00000000e4300000, 0x0000000100000000)
  eden space 165376K, 21% used [0x00000000d5580000,0x00000000d78293b8,0x00000000df700000)
  from space 22016K, 80% used [0x00000000df700000,0x00000000e0843b90,0x00000000e0c80000)
  to   space 23552K, 0% used [0x00000000e2c00000,0x00000000e2c00000,0x00000000e4300000)
 ParOldGen       total 103424K, used 72726K [0x0000000080000000, 0x0000000086500000, 0x00000000d5580000)
  object space 103424K, 70% used [0x0000000080000000,0x00000000847058f8,0x0000000086500000)
 Metaspace       used 79063K, capacity 82548K, committed 82816K, reserved 1120256K
  class space    used 10398K, capacity 11031K, committed 11136K, reserved 1048576K
GC Heap History (10 events):
Event: 116.947 GC heap before
{Heap before GC invocations=22 (full 3):
 PSYoungGen      total 129024K, used 117245K [0x00000000d5580000, 0x00000000de100000, 0x0000000100000000)
  eden space 117248K, 99% used [0x00000000d5580000,0x00000000dc7ff728,0x00000000dc800000)
  from space 11776K, 0% used [0x00000000dd580000,0x00000000dd580000,0x00000000de100000)
  to   space 12800K, 0% used [0x00000000dc800000,0x00000000dc800000,0x00000000dd480000)
 ParOldGen       total 103424K, used 34070K [0x0000000080000000, 0x0000000086500000, 0x00000000d5580000)
  object space 103424K, 32% used [0x0000000080000000,0x0000000082145810,0x0000000086500000)
 Metaspace       used 65439K, capacity 68262K, committed 68480K, reserved 1107968K
  class space    used 9038K, capacity 9582K, committed 9600K, reserved 1048576K
Event: 116.973 GC heap after
Heap after GC invocations=22 (full 3):
 PSYoungGen      total 130048K, used 11606K [0x00000000d5580000, 0x00000000e0080000, 0x0000000100000000)
  eden space 117248K, 0% used [0x00000000d5580000,0x00000000d5580000,0x00000000dc800000)
  from space 12800K, 90% used [0x00000000dc800000,0x00000000dd355938,0x00000000dd480000)
  to   space 14336K, 0% used [0x00000000df280000,0x00000000df280000,0x00000000e0080000)
 ParOldGen       total 103424K, used 34142K [0x0000000080000000, 0x0000000086500000, 0x00000000d5580000)
  object space 103424K, 33% used [0x0000000080000000,0x0000000082157820,0x0000000086500000)
 Metaspace       used 65439K, capacity 68262K, committed 68480K, reserved 1107968K
  class space    used 9038K, capacity 9582K, committed 9600K, reserved 1048576K
}
Event: 128.462 GC heap before
{Heap before GC invocations=23 (full 3):
 PSYoungGen      total 130048K, used 126922K [0x00000000d5580000, 0x00000000e0080000, 0x0000000100000000)
  eden space 117248K, 98% used [0x00000000d5580000,0x00000000dc61cfc8,0x00000000dc800000)
  from space 12800K, 90% used [0x00000000dc800000,0x00000000dd355938,0x00000000dd480000)
  to   space 14336K, 0% used [0x00000000df280000,0x00000000df280000,0x00000000e0080000)
 ParOldGen       total 103424K, used 34142K [0x0000000080000000, 0x0000000086500000, 0x00000000d5580000)
  object space 103424K, 33% used [0x0000000080000000,0x0000000082157820,0x0000000086500000)
 Metaspace       used 67184K, capacity 70220K, committed 70528K, reserved 1110016K
  class space    used 9213K, capacity 9785K, committed 9856K, reserved 1048576K
Event: 128.520 GC heap after
Heap after GC invocations=23 (full 3):
 PSYoungGen      total 152576K, used 14314K [0x00000000d5580000, 0x00000000e0f00000, 0x0000000100000000)
  eden space 138240K, 0% used [0x00000000d5580000,0x00000000d5580000,0x00000000ddc80000)
  from space 14336K, 99% used [0x00000000df280000,0x00000000e007a978,0x00000000e0080000)
  to   space 22528K, 0% used [0x00000000ddc80000,0x00000000ddc80000,0x00000000df280000)
 ParOldGen       total 103424K, used 51038K [0x0000000080000000, 0x0000000086500000, 0x00000000d5580000)
  object space 103424K, 49% used [0x0000000080000000,0x00000000831d7bf8,0x0000000086500000)
 Metaspace       used 67184K, capacity 70220K, committed 70528K, reserved 1110016K
  class space    used 9213K, capacity 9785K, committed 9856K, reserved 1048576K
}
Event: 141.633 GC heap before
{Heap before GC invocations=24 (full 3):
 PSYoungGen      total 152576K, used 152554K [0x00000000d5580000, 0x00000000e0f00000, 0x0000000100000000)
  eden space 138240K, 100% used [0x00000000d5580000,0x00000000ddc80000,0x00000000ddc80000)
  from space 14336K, 99% used [0x00000000df280000,0x00000000e007a978,0x00000000e0080000)
  to   space 22528K, 0% used [0x00000000ddc80000,0x00000000ddc80000,0x00000000df280000)
 ParOldGen       total 103424K, used 51038K [0x0000000080000000, 0x0000000086500000, 0x00000000d5580000)
  object space 103424K, 49% used [0x0000000080000000,0x00000000831d7bf8,0x0000000086500000)
 Metaspace       used 70051K, capacity 73230K, committed 73344K, reserved 1112064K
  class space    used 9496K, capacity 10076K, committed 10112K, reserved 1048576K
Event: 141.697 GC heap after
Heap after GC invocations=24 (full 3):
 PSYoungGen      total 160768K, used 8308K [0x00000000d5580000, 0x00000000e2480000, 0x0000000100000000)
  eden space 138240K, 0% used [0x00000000d5580000,0x00000000d5580000,0x00000000ddc80000)
  from space 22528K, 36% used [0x00000000ddc80000,0x00000000de49d0a0,0x00000000df280000)
  to   space 21504K, 0% used [0x00000000e0f80000,0x00000000e0f80000,0x00000000e2480000)
 ParOldGen       total 103424K, used 62844K [0x0000000080000000, 0x0000000086500000, 0x00000000d5580000)
  object space 103424K, 60% used [0x0000000080000000,0x0000000083d5f0e0,0x0000000086500000)
 Metaspace       used 70051K, capacity 73230K, committed 73344K, reserved 1112064K
  class space    used 9496K, capacity 10076K, committed 10112K, reserved 1048576K
}
Event: 255.311 GC heap before
{Heap before GC invocations=25 (full 3):
 PSYoungGen      total 160768K, used 146548K [0x00000000d5580000, 0x00000000e2480000, 0x0000000100000000)
  eden space 138240K, 100% used [0x00000000d5580000,0x00000000ddc80000,0x00000000ddc80000)
  from space 22528K, 36% used [0x00000000ddc80000,0x00000000de49d0a0,0x00000000df280000)
  to   space 21504K, 0% used [0x00000000e0f80000,0x00000000e0f80000,0x00000000e2480000)
 ParOldGen       total 103424K, used 62844K [0x0000000080000000, 0x0000000086500000, 0x00000000d5580000)
  object space 103424K, 60% used [0x0000000080000000,0x0000000083d5f0e0,0x0000000086500000)
 Metaspace       used 73899K, capacity 77140K, committed 77440K, reserved 1116160K
  class space    used 9946K, capacity 10563K, committed 10624K, reserved 1048576K
Event: 255.345 GC heap after
Heap after GC invocations=25 (full 3):
 PSYoungGen      total 184320K, used 13859K [0x00000000d5580000, 0x00000000e2200000, 0x0000000100000000)
  eden space 165376K, 0% used [0x00000000d5580000,0x00000000d5580000,0x00000000df700000)
  from space 18944K, 73% used [0x00000000e0f80000,0x00000000e1d08e50,0x00000000e2200000)
  to   space 22016K, 0% used [0x00000000df700000,0x00000000df700000,0x00000000e0c80000)
 ParOldGen       total 103424K, used 69202K [0x0000000080000000, 0x0000000086500000, 0x00000000d5580000)
  object space 103424K, 66% used [0x0000000080000000,0x00000000843948a8,0x0000000086500000)
 Metaspace       used 73899K, capacity 77140K, committed 77440K, reserved 1116160K
  class space    used 9946K, capacity 10563K, committed 10624K, reserved 1048576K
}
Event: 624.092 GC heap before
{Heap before GC invocations=26 (full 3):
 PSYoungGen      total 184320K, used 179235K [0x00000000d5580000, 0x00000000e2200000, 0x0000000100000000)
  eden space 165376K, 100% used [0x00000000d5580000,0x00000000df700000,0x00000000df700000)
  from space 18944K, 73% used [0x00000000e0f80000,0x00000000e1d08e50,0x00000000e2200000)
  to   space 22016K, 0% used [0x00000000df700000,0x00000000df700000,0x00000000e0c80000)
 ParOldGen       total 103424K, used 69202K [0x0000000080000000, 0x0000000086500000, 0x00000000d5580000)
  object space 103424K, 66% used [0x0000000080000000,0x00000000843948a8,0x0000000086500000)
 Metaspace       used 79031K, capacity 82548K, committed 82816K, reserved 1120256K
  class space    used 10398K, capacity 11031K, committed 11136K, reserved 1048576K
Event: 625.421 GC heap after
Heap after GC invocations=26 (full 3):
 PSYoungGen      total 187392K, used 17678K [0x00000000d5580000, 0x00000000e4300000, 0x0000000100000000)
  eden space 165376K, 0% used [0x00000000d5580000,0x00000000d5580000,0x00000000df700000)
  from space 22016K, 80% used [0x00000000df700000,0x00000000e0843b90,0x00000000e0c80000)
  to   space 23552K, 0% used [0x00000000e2c00000,0x00000000e2c00000,0x00000000e4300000)
 ParOldGen       total 103424K, used 72726K [0x0000000080000000, 0x0000000086500000, 0x00000000d5580000)
  object space 103424K, 70% used [0x0000000080000000,0x00000000847058f8,0x0000000086500000)
 Metaspace       used 79031K, capacity 82548K, committed 82816K, reserved 1120256K
  class space    used 10398K, capacity 11031K, committed 11136K, reserved 1048576K
}

